#
# There is insufficient memory for the Java Runtime Environment to continue.
# Native memory allocation (mmap) failed to map 93323264 bytes for G1 virtual space
# Possible reasons:
#   The system is out of physical RAM or swap space
#   The process is running with CompressedOops enabled, and the Java Heap may be blocking the growth of the native heap
# Possible solutions:
#   Reduce memory load on the system
#   Increase physical memory or swap space
#   Check if swap backing store is full
#   Decrease Java heap size (-Xmx/-Xms)
#   Decrease number of Java threads
#   Decrease Java thread stack sizes (-Xss)
#   Set larger code cache with -XX:ReservedCodeCacheSize=
#   JVM is running with Unscaled Compressed Oops mode in which the Java heap is
#     placed in the first 4GB address space. The Java Heap base address is the
#     maximum limit for the native heap growth. Please use -XX:HeapBaseMinAddress
#     to set the Java Heap base and to place the Java Heap above 4GB virtual address.
# This output file may be truncated or incomplete.
#
#  Out of Memory Error (os_windows.cpp:3769), pid=14428, tid=13300
#
# JRE version: OpenJDK Runtime Environment (17.0.6) (build 17.0.6+0-b2043.56-10027231)
# Java VM: OpenJDK 64-Bit Server VM (17.0.6+0-b2043.56-10027231, mixed mode, tiered, compressed oops, compressed class ptrs, g1 gc, windows-amd64)
# No core dump will be written. Minidumps are not enabled by default on client versions of Windows
#

---------------  S U M M A R Y ------------

Command Line: --add-opens=java.base/java.util=ALL-UNNAMED --add-opens=java.base/java.lang=ALL-UNNAMED --add-opens=java.base/java.lang.invoke=ALL-UNNAMED --add-opens=java.prefs/java.util.prefs=ALL-UNNAMED --add-opens=java.base/java.nio.charset=ALL-UNNAMED --add-opens=java.base/java.net=ALL-UNNAMED --add-opens=java.base/java.util.concurrent.atomic=ALL-UNNAMED -Xmx1536M -Dfile.encoding=windows-1252 -Duser.country=US -Duser.language=en -Duser.variant -javaagent:C:\Users\DELL PC\.gradle\wrapper\dists\gradle-8.1-bin\2eyty4r6kz6fpakefpk52nbbm\gradle-8.1\lib\agents\gradle-instrumentation-agent-8.1.jar org.gradle.launcher.daemon.bootstrap.GradleDaemon 8.1

Host: Intel(R) Core(TM) i5-5300U CPU @ 2.30GHz, 4 cores, 7G,  Windows 10 , 64 bit Build 19041 (10.0.19041.3636)
Time: Sat Feb 10 18:46:04 2024 W. Central Africa Standard Time elapsed time: 236.793927 seconds (0d 0h 3m 56s)

---------------  T H R E A D  ---------------

Current thread (0x000001787d4ff170):  VMThread "VM Thread" [stack: 0x0000005bcb000000,0x0000005bcb100000] [id=13300]

Stack: [0x0000005bcb000000,0x0000005bcb100000]
Native frames: (J=compiled Java code, j=interpreted, Vv=VM code, C=native code)
V  [jvm.dll+0x683c9a]
V  [jvm.dll+0x8427a4]
V  [jvm.dll+0x843f9e]
V  [jvm.dll+0x844603]
V  [jvm.dll+0x249b75]
V  [jvm.dll+0x680b69]
V  [jvm.dll+0x67505a]
V  [jvm.dll+0x309acb]
V  [jvm.dll+0x310f86]
V  [jvm.dll+0x3608ee]
V  [jvm.dll+0x360b1f]
V  [jvm.dll+0x2dfbf8]
V  [jvm.dll+0x2e2ce6]
V  [jvm.dll+0x2ed478]
V  [jvm.dll+0x322150]
V  [jvm.dll+0x848ccb]
V  [jvm.dll+0x849a04]
V  [jvm.dll+0x849f1d]
V  [jvm.dll+0x84a2f4]
V  [jvm.dll+0x84a3c0]
V  [jvm.dll+0x7f274a]
V  [jvm.dll+0x682ad5]
C  [ucrtbase.dll+0x21bb2]
C  [KERNEL32.DLL+0x17344]
C  [ntdll.dll+0x526b1]

VM_Operation (0x0000005bcacff4e0): G1Concurrent, mode: safepoint, requested by thread 0x00000178652ad560


---------------  P R O C E S S  ---------------

Threads class SMR info:
_java_thread_list=0x00000178079923d0, length=64, elements={
0x0000017865252de0, 0x000001787d522620, 0x000001787d5233a0, 0x000001787d54e530,
0x000001787d50e510, 0x000001787d50edd0, 0x000001787e00a470, 0x000001787e00b060,
0x000001787e00ece0, 0x000001787e00f1f0, 0x000001787e188b50, 0x000001787e26ac90,
0x00000178002df580, 0x0000017800245410, 0x0000017800d6d7f0, 0x0000017800adf5a0,
0x000001787ebd8f30, 0x0000017800292aa0, 0x0000017800faf3f0, 0x00000178008534e0,
0x0000017800851cd0, 0x0000017800854cf0, 0x00000178008521a0, 0x0000017800852670,
0x00000178008551c0, 0x0000017800854350, 0x0000017800853010, 0x0000017800853e80,
0x0000017800854820, 0x0000017801bb4c90, 0x0000017801bb6970, 0x0000017801bb12d0,
0x0000017801bb5160, 0x0000017801bb77e0, 0x0000017801bb5630, 0x0000017801bb3480,
0x0000017801bb5b00, 0x0000017801bb2ae0, 0x0000017801bb2140, 0x0000017801bb2610,
0x0000017801bb5fd0, 0x0000017801bb3e20, 0x0000017801bb42f0, 0x0000017805e3f870,
0x0000017805e406e0, 0x0000017805e440a0, 0x0000017805e40210, 0x0000017805e453e0,
0x0000017805e41a20, 0x0000017805e44f10, 0x0000017805e3ea00, 0x0000017805e43230,
0x0000017805e3fd40, 0x0000017805e41ef0, 0x0000017805e3f3a0, 0x0000017805e3e530,
0x0000017805e41080, 0x0000017805e423c0, 0x0000017805e42890, 0x0000017805e43700,
0x0000017805e43bd0, 0x0000017801bb7cb0, 0x00000178096d9060, 0x00000178096d9ed0
}

Java Threads: ( => current thread )
  0x0000017865252de0 JavaThread "main" [_thread_blocked, id=14540, stack(0x0000005bcaa00000,0x0000005bcab00000)]
  0x000001787d522620 JavaThread "Reference Handler" daemon [_thread_blocked, id=7520, stack(0x0000005bcb100000,0x0000005bcb200000)]
  0x000001787d5233a0 JavaThread "Finalizer" daemon [_thread_blocked, id=13940, stack(0x0000005bcb200000,0x0000005bcb300000)]
  0x000001787d54e530 JavaThread "Signal Dispatcher" daemon [_thread_blocked, id=16676, stack(0x0000005bcb300000,0x0000005bcb400000)]
  0x000001787d50e510 JavaThread "Attach Listener" daemon [_thread_blocked, id=4780, stack(0x0000005bcb400000,0x0000005bcb500000)]
  0x000001787d50edd0 JavaThread "Service Thread" daemon [_thread_blocked, id=13556, stack(0x0000005bcb500000,0x0000005bcb600000)]
  0x000001787e00a470 JavaThread "Monitor Deflation Thread" daemon [_thread_blocked, id=1072, stack(0x0000005bcb600000,0x0000005bcb700000)]
  0x000001787e00b060 JavaThread "C2 CompilerThread0" daemon [_thread_in_native, id=17360, stack(0x0000005bcb700000,0x0000005bcb800000)]
  0x000001787e00ece0 JavaThread "C1 CompilerThread0" daemon [_thread_blocked, id=15944, stack(0x0000005bcb800000,0x0000005bcb900000)]
  0x000001787e00f1f0 JavaThread "Sweeper thread" daemon [_thread_blocked, id=8868, stack(0x0000005bcb900000,0x0000005bcba00000)]
  0x000001787e188b50 JavaThread "Common-Cleaner" daemon [_thread_blocked, id=8772, stack(0x0000005bcba00000,0x0000005bcbb00000)]
  0x000001787e26ac90 JavaThread "Notification Thread" daemon [_thread_blocked, id=11944, stack(0x0000005bcbb00000,0x0000005bcbc00000)]
  0x00000178002df580 JavaThread "Daemon health stats" [_thread_blocked, id=3728, stack(0x0000005bcc000000,0x0000005bcc100000)]
  0x0000017800245410 JavaThread "Incoming local TCP Connector on port 57811" [_thread_in_native, id=2256, stack(0x0000005bcc100000,0x0000005bcc200000)]
  0x0000017800d6d7f0 JavaThread "Daemon periodic checks" [_thread_blocked, id=9440, stack(0x0000005bcc200000,0x0000005bcc300000)]
  0x0000017800adf5a0 JavaThread "Daemon" [_thread_blocked, id=15396, stack(0x0000005bcc300000,0x0000005bcc400000)]
  0x000001787ebd8f30 JavaThread "Handler for socket connection from /127.0.0.1:57811 to /127.0.0.1:57812" [_thread_in_native, id=6664, stack(0x0000005bcc400000,0x0000005bcc500000)]
  0x0000017800292aa0 JavaThread "Cancel handler" [_thread_blocked, id=17904, stack(0x0000005bcc500000,0x0000005bcc600000)]
  0x0000017800faf3f0 JavaThread "Daemon worker" [_thread_blocked, id=17580, stack(0x0000005bcc600000,0x0000005bcc700000)]
  0x00000178008534e0 JavaThread "Asynchronous log dispatcher for DefaultDaemonConnection: socket connection from /127.0.0.1:57811 to /127.0.0.1:57812" [_thread_blocked, id=15472, stack(0x0000005bcc700000,0x0000005bcc800000)]
  0x0000017800851cd0 JavaThread "Stdin handler" [_thread_blocked, id=10200, stack(0x0000005bcc800000,0x0000005bcc900000)]
  0x0000017800854cf0 JavaThread "Daemon client event forwarder" [_thread_blocked, id=14864, stack(0x0000005bcc900000,0x0000005bcca00000)]
  0x00000178008521a0 JavaThread "Cache worker for journal cache (C:\Users\DELL PC\.gradle\caches\journal-1)" [_thread_blocked, id=4124, stack(0x0000005bcca00000,0x0000005bccb00000)]
  0x0000017800852670 JavaThread "File lock request listener" [_thread_in_native, id=11784, stack(0x0000005bccb00000,0x0000005bccc00000)]
  0x00000178008551c0 JavaThread "Cache worker for file hash cache (C:\Users\DELL PC\.gradle\caches\8.1\fileHashes)" [_thread_blocked, id=8956, stack(0x0000005bccd00000,0x0000005bcce00000)]
  0x0000017800854350 JavaThread "File watcher server" daemon [_thread_in_native, id=11892, stack(0x0000005bcce00000,0x0000005bccf00000)]
  0x0000017800853010 JavaThread "File watcher consumer" daemon [_thread_blocked, id=15664, stack(0x0000005bccf00000,0x0000005bcd000000)]
  0x0000017800853e80 JavaThread "Cache worker for checksums cache (C:\Users\DELL PC\Documents\App UloNet\irent\android\.gradle\8.1\checksums)" [_thread_blocked, id=3288, stack(0x0000005bcd000000,0x0000005bcd100000)]
  0x0000017800854820 JavaThread "Cache worker for cache directory md-rule (C:\Users\DELL PC\.gradle\caches\8.1\md-rule)" [_thread_blocked, id=11672, stack(0x0000005bcd100000,0x0000005bcd200000)]
  0x0000017801bb4c90 JavaThread "Cache worker for file content cache (C:\Users\DELL PC\.gradle\caches\8.1\fileContent)" [_thread_blocked, id=13504, stack(0x0000005bcd200000,0x0000005bcd300000)]
  0x0000017801bb6970 JavaThread "Cache worker for file hash cache (C:\Users\DELL PC\Documents\App UloNet\irent\android\.gradle\8.1\fileHashes)" [_thread_blocked, id=17504, stack(0x0000005bcd500000,0x0000005bcd600000)]
  0x0000017801bb12d0 JavaThread "Cache worker for cache directory md-supplier (C:\Users\DELL PC\.gradle\caches\8.1\md-supplier)" [_thread_blocked, id=14004, stack(0x0000005bcd600000,0x0000005bcd700000)]
  0x0000017801bb5160 JavaThread "Cache worker for execution history cache (C:\Users\DELL PC\.gradle\caches\8.1\executionHistory)" [_thread_blocked, id=16556, stack(0x0000005bca800000,0x0000005bca900000)]
  0x0000017801bb77e0 JavaThread "jar transforms" [_thread_blocked, id=12280, stack(0x0000005bcd700000,0x0000005bcd800000)]
  0x0000017801bb5630 JavaThread "jar transforms Thread 2" [_thread_blocked, id=5204, stack(0x0000005bcd800000,0x0000005bcd900000)]
  0x0000017801bb3480 JavaThread "jar transforms Thread 3" [_thread_blocked, id=14760, stack(0x0000005bcd900000,0x0000005bcda00000)]
  0x0000017801bb5b00 JavaThread "jar transforms Thread 4" [_thread_blocked, id=15036, stack(0x0000005bcda00000,0x0000005bcdb00000)]
  0x0000017801bb2ae0 JavaThread "Cache worker for dependencies-accessors (C:\Users\DELL PC\Documents\App UloNet\irent\android\.gradle\8.1\dependencies-accessors)" [_thread_blocked, id=3220, stack(0x0000005bcdc00000,0x0000005bcdd00000)]
  0x0000017801bb2140 JavaThread "Cache worker for Build Output Cleanup Cache (C:\Users\DELL PC\Documents\App UloNet\irent\android\.gradle\buildOutputCleanup)" [_thread_blocked, id=14964, stack(0x0000005bcdb00000,0x0000005bcdc00000)]
  0x0000017801bb2610 JavaThread "Unconstrained build operations" [_thread_blocked, id=12152, stack(0x0000005bcdd00000,0x0000005bcde00000)]
  0x0000017801bb5fd0 JavaThread "Unconstrained build operations Thread 2" [_thread_blocked, id=17916, stack(0x0000005bcde00000,0x0000005bcdf00000)]
  0x0000017801bb3e20 JavaThread "Unconstrained build operations Thread 3" [_thread_blocked, id=4544, stack(0x0000005bcdf00000,0x0000005bce000000)]
  0x0000017801bb42f0 JavaThread "Memory manager" [_thread_blocked, id=18248, stack(0x0000005bcd300000,0x0000005bcd400000)]
  0x0000017805e3f870 JavaThread "Unconstrained build operations Thread 4" [_thread_blocked, id=7224, stack(0x0000005bce000000,0x0000005bce100000)]
  0x0000017805e406e0 JavaThread "Unconstrained build operations Thread 5" [_thread_blocked, id=10812, stack(0x0000005bce100000,0x0000005bce200000)]
  0x0000017805e440a0 JavaThread "Cache worker for kotlin-dsl (C:\Users\DELL PC\.gradle\caches\8.1\kotlin-dsl)" [_thread_blocked, id=16980, stack(0x0000005bce200000,0x0000005bce300000)]
  0x0000017805e40210 JavaThread "Unconstrained build operations Thread 6" [_thread_blocked, id=3720, stack(0x0000005bccc00000,0x0000005bccd00000)]
  0x0000017805e453e0 JavaThread "Unconstrained build operations Thread 7" [_thread_blocked, id=6712, stack(0x0000005bcd400000,0x0000005bcd500000)]
  0x0000017805e41a20 JavaThread "Unconstrained build operations Thread 8" [_thread_blocked, id=3512, stack(0x0000005bce300000,0x0000005bce400000)]
  0x0000017805e44f10 JavaThread "Unconstrained build operations Thread 9" [_thread_blocked, id=17480, stack(0x0000005bce400000,0x0000005bce500000)]
  0x0000017805e3ea00 JavaThread "Unconstrained build operations Thread 10" [_thread_blocked, id=7848, stack(0x0000005bce500000,0x0000005bce600000)]
  0x0000017805e43230 JavaThread "Unconstrained build operations Thread 11" [_thread_blocked, id=10212, stack(0x0000005bce600000,0x0000005bce700000)]
  0x0000017805e3fd40 JavaThread "Unconstrained build operations Thread 12" [_thread_blocked, id=8820, stack(0x0000005bce700000,0x0000005bce800000)]
  0x0000017805e41ef0 JavaThread "Unconstrained build operations Thread 13" [_thread_blocked, id=1536, stack(0x0000005bce800000,0x0000005bce900000)]
  0x0000017805e3f3a0 JavaThread "Unconstrained build operations Thread 14" [_thread_blocked, id=11908, stack(0x0000005bce900000,0x0000005bcea00000)]
  0x0000017805e3e530 JavaThread "Unconstrained build operations Thread 15" [_thread_blocked, id=11592, stack(0x0000005bcea00000,0x0000005bceb00000)]
  0x0000017805e41080 JavaThread "Unconstrained build operations Thread 16" [_thread_blocked, id=8352, stack(0x0000005bceb00000,0x0000005bcec00000)]
  0x0000017805e423c0 JavaThread "Unconstrained build operations Thread 17" [_thread_blocked, id=11512, stack(0x0000005bcec00000,0x0000005bced00000)]
  0x0000017805e42890 JavaThread "Unconstrained build operations Thread 18" [_thread_blocked, id=3540, stack(0x0000005bced00000,0x0000005bcee00000)]
  0x0000017805e43700 JavaThread "Unconstrained build operations Thread 19" [_thread_blocked, id=2584, stack(0x0000005bcee00000,0x0000005bcef00000)]
  0x0000017805e43bd0 JavaThread "Unconstrained build operations Thread 20" [_thread_blocked, id=8264, stack(0x0000005bcef00000,0x0000005bcf000000)]
  0x0000017801bb7cb0 JavaThread "Unconstrained build operations Thread 21" [_thread_blocked, id=15196, stack(0x0000005bcf000000,0x0000005bcf100000)]
  0x00000178096d9060 JavaThread "Unconstrained build operations Thread 22" [_thread_blocked, id=13316, stack(0x0000005bcf100000,0x0000005bcf200000)]
  0x00000178096d9ed0 JavaThread "Unconstrained build operations Thread 23" [_thread_blocked, id=2172, stack(0x0000005bcf200000,0x0000005bcf300000)]

Other Threads:
=>0x000001787d4ff170 VMThread "VM Thread" [stack: 0x0000005bcb000000,0x0000005bcb100000] [id=13300]
  0x000001787e27d750 WatcherThread [stack: 0x0000005bcbc00000,0x0000005bcbd00000] [id=11952]
  0x000001786529f700 GCTaskThread "GC Thread#0" [stack: 0x0000005bcab00000,0x0000005bcac00000] [id=15476]
  0x000001787e3fec00 GCTaskThread "GC Thread#1" [stack: 0x0000005bcbd00000,0x0000005bcbe00000] [id=16896]
  0x000001787e562a00 GCTaskThread "GC Thread#2" [stack: 0x0000005bcbe00000,0x0000005bcbf00000] [id=7508]
  0x00000178002738c0 GCTaskThread "GC Thread#3" [stack: 0x0000005bcbf00000,0x0000005bcc000000] [id=6644]
  0x00000178652ad560 ConcurrentGCThread "G1 Main Marker" [stack: 0x0000005bcac00000,0x0000005bcad00000] [id=12156]
  0x00000178652ade80 ConcurrentGCThread "G1 Conc#0" [stack: 0x0000005bcad00000,0x0000005bcae00000] [id=18144]
  0x00000178653156f0 ConcurrentGCThread "G1 Refine#0" [stack: 0x0000005bcae00000,0x0000005bcaf00000] [id=10376]
  0x00000178002bbf70 ConcurrentGCThread "G1 Refine#1" [stack: 0x0000005bca900000,0x0000005bcaa00000] [id=15956]
  0x0000017865316020 ConcurrentGCThread "G1 Service" [stack: 0x0000005bcaf00000,0x0000005bcb000000] [id=17928]

Threads with active compile tasks:
C2 CompilerThread0   236956 12083  s    4       com.android.build.api.artifact.impl.TypedStorageProvider::getArtifact$gradle_core (80 bytes)
C1 CompilerThread0   236956 12113       3       org.jetbrains.kotlin.gradle.plugin.mpp.AbstractKotlinCompilation::getCompilationName (15 bytes)

VM state: at safepoint (normal execution)

VM Mutex/Monitor currently owned by a thread:  ([mutex/lock_event])
[0x000001786524f4e0] Threads_lock - owner thread: 0x000001787d4ff170
[0x000001786524d680] Heap_lock - owner thread: 0x00000178652ad560

Heap address: 0x00000000a0000000, size: 1536 MB, Compressed Oops mode: 32-bit

CDS archive(s) not mapped
Compressed class space mapped at: 0x0000000100000000-0x0000000140000000, reserved size: 1073741824
Narrow klass base: 0x0000000000000000, Narrow klass shift: 3, Narrow klass range: 0x140000000

GC Precious Log:
 CPUs: 4 total, 4 available
 Memory: 8067M
 Large Page Support: Disabled
 NUMA Support: Disabled
 Compressed Oops: Enabled (32-bit)
 Heap Region Size: 1M
 Heap Min Capacity: 8M
 Heap Initial Capacity: 128M
 Heap Max Capacity: 1536M
 Pre-touch: Disabled
 Parallel Workers: 4
 Concurrent Workers: 1
 Concurrent Refinement Workers: 4
 Periodic GC: Disabled

Heap:
 garbage-first heap   total 202752K, used 173777K [0x00000000a0000000, 0x0000000100000000)
  region size 1024K, 9 young (9216K), 2 survivors (2048K)
 Metaspace       used 89127K, committed 90240K, reserved 1130496K
  class space    used 12098K, committed 12544K, reserved 1048576K

Heap Regions: E=young(eden), S=young(survivor), O=old, HS=humongous(starts), HC=humongous(continues), CS=collection set, F=free, OA=open archive, CA=closed archive, TAMS=top-at-mark-start (previous, next)
|   0|0x00000000a0000000, 0x00000000a0100000, 0x00000000a0100000|100%| O|  |TAMS 0x00000000a0100000, 0x00000000a0000000| Untracked 
|   1|0x00000000a0100000, 0x00000000a0200000, 0x00000000a0200000|100%| O|  |TAMS 0x00000000a0200000, 0x00000000a0100000| Untracked 
|   2|0x00000000a0200000, 0x00000000a0300000, 0x00000000a0300000|100%|HS|  |TAMS 0x00000000a0300000, 0x00000000a0200000| Complete 
|   3|0x00000000a0300000, 0x00000000a0400000, 0x00000000a0400000|100%|HC|  |TAMS 0x00000000a0400000, 0x00000000a0300000| Complete 
|   4|0x00000000a0400000, 0x00000000a0500000, 0x00000000a0500000|100%|HC|  |TAMS 0x00000000a0500000, 0x00000000a0400000| Complete 
|   5|0x00000000a0500000, 0x00000000a0600000, 0x00000000a0600000|100%|HC|  |TAMS 0x00000000a0600000, 0x00000000a0500000| Complete 
|   6|0x00000000a0600000, 0x00000000a0700000, 0x00000000a0700000|100%| O|  |TAMS 0x00000000a0700000, 0x00000000a0600000| Updating 
|   7|0x00000000a0700000, 0x00000000a0800000, 0x00000000a0800000|100%| O|  |TAMS 0x00000000a0800000, 0x00000000a0700000| Updating 
|   8|0x00000000a0800000, 0x00000000a0900000, 0x00000000a0900000|100%| O|  |TAMS 0x00000000a0900000, 0x00000000a0800000| Untracked 
|   9|0x00000000a0900000, 0x00000000a0a00000, 0x00000000a0a00000|100%| O|  |TAMS 0x00000000a0a00000, 0x00000000a0900000| Untracked 
|  10|0x00000000a0a00000, 0x00000000a0b00000, 0x00000000a0b00000|100%| O|  |TAMS 0x00000000a0b00000, 0x00000000a0a00000| Untracked 
|  11|0x00000000a0b00000, 0x00000000a0c00000, 0x00000000a0c00000|100%| O|  |TAMS 0x00000000a0c00000, 0x00000000a0b00000| Untracked 
|  12|0x00000000a0c00000, 0x00000000a0d00000, 0x00000000a0d00000|100%| O|  |TAMS 0x00000000a0d00000, 0x00000000a0c00000| Untracked 
|  13|0x00000000a0d00000, 0x00000000a0e00000, 0x00000000a0e00000|100%| O|  |TAMS 0x00000000a0e00000, 0x00000000a0d00000| Updating 
|  14|0x00000000a0e00000, 0x00000000a0f00000, 0x00000000a0f00000|100%| O|  |TAMS 0x00000000a0f00000, 0x00000000a0e00000| Untracked 
|  15|0x00000000a0f00000, 0x00000000a1000000, 0x00000000a1000000|100%| O|  |TAMS 0x00000000a1000000, 0x00000000a0f00000| Untracked 
|  16|0x00000000a1000000, 0x00000000a1100000, 0x00000000a1100000|100%| O|  |TAMS 0x00000000a1100000, 0x00000000a1000000| Untracked 
|  17|0x00000000a1100000, 0x00000000a1200000, 0x00000000a1200000|100%| O|  |TAMS 0x00000000a1200000, 0x00000000a1100000| Untracked 
|  18|0x00000000a1200000, 0x00000000a1300000, 0x00000000a1300000|100%| O|  |TAMS 0x00000000a1300000, 0x00000000a1200000| Untracked 
|  19|0x00000000a1300000, 0x00000000a1400000, 0x00000000a1400000|100%| O|  |TAMS 0x00000000a1400000, 0x00000000a1300000| Untracked 
|  20|0x00000000a1400000, 0x00000000a1500000, 0x00000000a1500000|100%| O|  |TAMS 0x00000000a1500000, 0x00000000a1400000| Untracked 
|  21|0x00000000a1500000, 0x00000000a1600000, 0x00000000a1600000|100%| O|  |TAMS 0x00000000a1600000, 0x00000000a1500000| Updating 
|  22|0x00000000a1600000, 0x00000000a1700000, 0x00000000a1700000|100%| O|  |TAMS 0x00000000a1700000, 0x00000000a1600000| Untracked 
|  23|0x00000000a1700000, 0x00000000a1800000, 0x00000000a1800000|100%| O|  |TAMS 0x00000000a1800000, 0x00000000a1700000| Updating 
|  24|0x00000000a1800000, 0x00000000a1900000, 0x00000000a1900000|100%| O|  |TAMS 0x00000000a1900000, 0x00000000a1800000| Updating 
|  25|0x00000000a1900000, 0x00000000a1a00000, 0x00000000a1a00000|100%| O|  |TAMS 0x00000000a1a00000, 0x00000000a1900000| Untracked 
|  26|0x00000000a1a00000, 0x00000000a1b00000, 0x00000000a1b00000|100%| O|  |TAMS 0x00000000a1b00000, 0x00000000a1a00000| Untracked 
|  27|0x00000000a1b00000, 0x00000000a1c00000, 0x00000000a1c00000|100%| O|  |TAMS 0x00000000a1c00000, 0x00000000a1b00000| Untracked 
|  28|0x00000000a1c00000, 0x00000000a1d00000, 0x00000000a1d00000|100%| O|  |TAMS 0x00000000a1d00000, 0x00000000a1c00000| Updating 
|  29|0x00000000a1d00000, 0x00000000a1e00000, 0x00000000a1e00000|100%| O|  |TAMS 0x00000000a1e00000, 0x00000000a1d00000| Untracked 
|  30|0x00000000a1e00000, 0x00000000a1f00000, 0x00000000a1f00000|100%| O|  |TAMS 0x00000000a1f00000, 0x00000000a1e00000| Untracked 
|  31|0x00000000a1f00000, 0x00000000a2000000, 0x00000000a2000000|100%| O|  |TAMS 0x00000000a2000000, 0x00000000a1f00000| Updating 
|  32|0x00000000a2000000, 0x00000000a2100000, 0x00000000a2100000|100%| O|  |TAMS 0x00000000a2100000, 0x00000000a2000000| Untracked 
|  33|0x00000000a2100000, 0x00000000a2200000, 0x00000000a2200000|100%| O|  |TAMS 0x00000000a2200000, 0x00000000a2100000| Updating 
|  34|0x00000000a2200000, 0x00000000a2300000, 0x00000000a2300000|100%| O|  |TAMS 0x00000000a2300000, 0x00000000a2200000| Updating 
|  35|0x00000000a2300000, 0x00000000a2400000, 0x00000000a2400000|100%| O|  |TAMS 0x00000000a2400000, 0x00000000a2300000| Updating 
|  36|0x00000000a2400000, 0x00000000a2500000, 0x00000000a2500000|100%| O|  |TAMS 0x00000000a2500000, 0x00000000a2400000| Untracked 
|  37|0x00000000a2500000, 0x00000000a2600000, 0x00000000a2600000|100%| O|  |TAMS 0x00000000a2600000, 0x00000000a2500000| Untracked 
|  38|0x00000000a2600000, 0x00000000a2700000, 0x00000000a2700000|100%| O|  |TAMS 0x00000000a2700000, 0x00000000a2600000| Updating 
|  39|0x00000000a2700000, 0x00000000a2800000, 0x00000000a2800000|100%|HS|  |TAMS 0x00000000a2800000, 0x00000000a2700000| Complete 
|  40|0x00000000a2800000, 0x00000000a2900000, 0x00000000a2900000|100%|HS|  |TAMS 0x00000000a2900000, 0x00000000a2800000| Complete 
|  41|0x00000000a2900000, 0x00000000a2a00000, 0x00000000a2a00000|100%|HS|  |TAMS 0x00000000a2a00000, 0x00000000a2900000| Complete 
|  42|0x00000000a2a00000, 0x00000000a2b00000, 0x00000000a2b00000|100%|HS|  |TAMS 0x00000000a2b00000, 0x00000000a2a00000| Complete 
|  43|0x00000000a2b00000, 0x00000000a2c00000, 0x00000000a2c00000|100%|HC|  |TAMS 0x00000000a2c00000, 0x00000000a2b00000| Complete 
|  44|0x00000000a2c00000, 0x00000000a2d00000, 0x00000000a2d00000|100%|HC|  |TAMS 0x00000000a2d00000, 0x00000000a2c00000| Complete 
|  45|0x00000000a2d00000, 0x00000000a2e00000, 0x00000000a2e00000|100%| O|  |TAMS 0x00000000a2e00000, 0x00000000a2d00000| Untracked 
|  46|0x00000000a2e00000, 0x00000000a2f00000, 0x00000000a2f00000|100%| O|  |TAMS 0x00000000a2f00000, 0x00000000a2e00000| Updating 
|  47|0x00000000a2f00000, 0x00000000a3000000, 0x00000000a3000000|100%| O|  |TAMS 0x00000000a3000000, 0x00000000a2f00000| Untracked 
|  48|0x00000000a3000000, 0x00000000a3100000, 0x00000000a3100000|100%| O|  |TAMS 0x00000000a3100000, 0x00000000a3000000| Untracked 
|  49|0x00000000a3100000, 0x00000000a3200000, 0x00000000a3200000|100%|HS|  |TAMS 0x00000000a3200000, 0x00000000a3100000| Complete 
|  50|0x00000000a3200000, 0x00000000a3300000, 0x00000000a3300000|100%|HC|  |TAMS 0x00000000a3300000, 0x00000000a3200000| Complete 
|  51|0x00000000a3300000, 0x00000000a3400000, 0x00000000a3400000|100%|HS|  |TAMS 0x00000000a3400000, 0x00000000a3300000| Complete 
|  52|0x00000000a3400000, 0x00000000a3500000, 0x00000000a3500000|100%| O|  |TAMS 0x00000000a3500000, 0x00000000a3400000| Untracked 
|  53|0x00000000a3500000, 0x00000000a3600000, 0x00000000a3600000|100%| O|  |TAMS 0x00000000a3600000, 0x00000000a3500000| Untracked 
|  54|0x00000000a3600000, 0x00000000a3700000, 0x00000000a3700000|100%| O|  |TAMS 0x00000000a3700000, 0x00000000a3600000| Untracked 
|  55|0x00000000a3700000, 0x00000000a3800000, 0x00000000a3800000|100%| O|  |TAMS 0x00000000a3800000, 0x00000000a3700000| Untracked 
|  56|0x00000000a3800000, 0x00000000a3900000, 0x00000000a3900000|100%| O|  |TAMS 0x00000000a3900000, 0x00000000a3800000| Untracked 
|  57|0x00000000a3900000, 0x00000000a3a00000, 0x00000000a3a00000|100%| O|  |TAMS 0x00000000a3a00000, 0x00000000a3900000| Untracked 
|  58|0x00000000a3a00000, 0x00000000a3b00000, 0x00000000a3b00000|100%| O|  |TAMS 0x00000000a3b00000, 0x00000000a3a00000| Untracked 
|  59|0x00000000a3b00000, 0x00000000a3c00000, 0x00000000a3c00000|100%| O|  |TAMS 0x00000000a3c00000, 0x00000000a3b00000| Updating 
|  60|0x00000000a3c00000, 0x00000000a3d00000, 0x00000000a3d00000|100%|HS|  |TAMS 0x00000000a3d00000, 0x00000000a3c00000| Complete 
|  61|0x00000000a3d00000, 0x00000000a3e00000, 0x00000000a3e00000|100%| O|  |TAMS 0x00000000a3e00000, 0x00000000a3d00000| Untracked 
|  62|0x00000000a3e00000, 0x00000000a3f00000, 0x00000000a3f00000|100%| O|  |TAMS 0x00000000a3f00000, 0x00000000a3e00000| Untracked 
|  63|0x00000000a3f00000, 0x00000000a4000000, 0x00000000a4000000|100%| O|  |TAMS 0x00000000a4000000, 0x00000000a3f00000| Untracked 
|  64|0x00000000a4000000, 0x00000000a4100000, 0x00000000a4100000|100%| O|  |TAMS 0x00000000a4100000, 0x00000000a4000000| Untracked 
|  65|0x00000000a4100000, 0x00000000a4200000, 0x00000000a4200000|100%| O|  |TAMS 0x00000000a4200000, 0x00000000a4100000| Updating 
|  66|0x00000000a4200000, 0x00000000a4300000, 0x00000000a4300000|100%|HS|  |TAMS 0x00000000a4300000, 0x00000000a4200000| Complete 
|  67|0x00000000a4300000, 0x00000000a4400000, 0x00000000a4400000|100%|HC|  |TAMS 0x00000000a4400000, 0x00000000a4300000| Complete 
|  68|0x00000000a4400000, 0x00000000a4500000, 0x00000000a4500000|100%|HC|  |TAMS 0x00000000a4500000, 0x00000000a4400000| Complete 
|  69|0x00000000a4500000, 0x00000000a4600000, 0x00000000a4600000|100%| O|  |TAMS 0x00000000a4600000, 0x00000000a4500000| Untracked 
|  70|0x00000000a4600000, 0x00000000a4700000, 0x00000000a4700000|100%| O|  |TAMS 0x00000000a4700000, 0x00000000a4600000| Updating 
|  71|0x00000000a4700000, 0x00000000a4800000, 0x00000000a4800000|100%| O|  |TAMS 0x00000000a4800000, 0x00000000a4700000| Updating 
|  72|0x00000000a4800000, 0x00000000a4900000, 0x00000000a4900000|100%| O|  |TAMS 0x00000000a4900000, 0x00000000a4800000| Updating 
|  73|0x00000000a4900000, 0x00000000a4a00000, 0x00000000a4a00000|100%| O|  |TAMS 0x00000000a4a00000, 0x00000000a4900000| Updating 
|  74|0x00000000a4a00000, 0x00000000a4b00000, 0x00000000a4b00000|100%| O|  |TAMS 0x00000000a4b00000, 0x00000000a4a00000| Updating 
|  75|0x00000000a4b00000, 0x00000000a4c00000, 0x00000000a4c00000|100%| O|  |TAMS 0x00000000a4c00000, 0x00000000a4b00000| Updating 
|  76|0x00000000a4c00000, 0x00000000a4d00000, 0x00000000a4d00000|100%| O|  |TAMS 0x00000000a4d00000, 0x00000000a4c00000| Untracked 
|  77|0x00000000a4d00000, 0x00000000a4e00000, 0x00000000a4e00000|100%| O|  |TAMS 0x00000000a4e00000, 0x00000000a4d00000| Untracked 
|  78|0x00000000a4e00000, 0x00000000a4f00000, 0x00000000a4f00000|100%| O|  |TAMS 0x00000000a4f00000, 0x00000000a4e00000| Untracked 
|  79|0x00000000a4f00000, 0x00000000a5000000, 0x00000000a5000000|100%| O|  |TAMS 0x00000000a5000000, 0x00000000a4f00000| Untracked 
|  80|0x00000000a5000000, 0x00000000a5100000, 0x00000000a5100000|100%| O|  |TAMS 0x00000000a5100000, 0x00000000a5000000| Updating 
|  81|0x00000000a5100000, 0x00000000a5200000, 0x00000000a5200000|100%| O|  |TAMS 0x00000000a5200000, 0x00000000a5100000| Untracked 
|  82|0x00000000a5200000, 0x00000000a5300000, 0x00000000a5300000|100%| O|  |TAMS 0x00000000a5300000, 0x00000000a5200000| Untracked 
|  83|0x00000000a5300000, 0x00000000a5400000, 0x00000000a5400000|100%| O|  |TAMS 0x00000000a5400000, 0x00000000a5300000| Untracked 
|  84|0x00000000a5400000, 0x00000000a5500000, 0x00000000a5500000|100%| O|  |TAMS 0x00000000a5500000, 0x00000000a5400000| Untracked 
|  85|0x00000000a5500000, 0x00000000a5600000, 0x00000000a5600000|100%| O|  |TAMS 0x00000000a5600000, 0x00000000a5500000| Untracked 
|  86|0x00000000a5600000, 0x00000000a5700000, 0x00000000a5700000|100%| O|  |TAMS 0x00000000a5700000, 0x00000000a5600000| Untracked 
|  87|0x00000000a5700000, 0x00000000a5800000, 0x00000000a5800000|100%| O|  |TAMS 0x00000000a5800000, 0x00000000a5700000| Untracked 
|  88|0x00000000a5800000, 0x00000000a5900000, 0x00000000a5900000|100%| O|  |TAMS 0x00000000a5900000, 0x00000000a5800000| Untracked 
|  89|0x00000000a5900000, 0x00000000a5a00000, 0x00000000a5a00000|100%| O|  |TAMS 0x00000000a5a00000, 0x00000000a5900000| Updating 
|  90|0x00000000a5a00000, 0x00000000a5b00000, 0x00000000a5b00000|100%| O|  |TAMS 0x00000000a5b00000, 0x00000000a5a00000| Untracked 
|  91|0x00000000a5b00000, 0x00000000a5c00000, 0x00000000a5c00000|100%| O|  |TAMS 0x00000000a5c00000, 0x00000000a5b00000| Updating 
|  92|0x00000000a5c00000, 0x00000000a5d00000, 0x00000000a5d00000|100%| O|  |TAMS 0x00000000a5d00000, 0x00000000a5c00000| Untracked 
|  93|0x00000000a5d00000, 0x00000000a5e00000, 0x00000000a5e00000|100%|HS|  |TAMS 0x00000000a5e00000, 0x00000000a5d00000| Complete 
|  94|0x00000000a5e00000, 0x00000000a5f00000, 0x00000000a5f00000|100%|HS|  |TAMS 0x00000000a5f00000, 0x00000000a5e00000| Complete 
|  95|0x00000000a5f00000, 0x00000000a6000000, 0x00000000a6000000|100%|HS|  |TAMS 0x00000000a6000000, 0x00000000a5f00000| Complete 
|  96|0x00000000a6000000, 0x00000000a6100000, 0x00000000a6100000|100%| O|  |TAMS 0x00000000a6100000, 0x00000000a6000000| Updating 
|  97|0x00000000a6100000, 0x00000000a6200000, 0x00000000a6200000|100%| O|  |TAMS 0x00000000a6200000, 0x00000000a6100000| Untracked 
|  98|0x00000000a6200000, 0x00000000a6300000, 0x00000000a6300000|100%| O|  |TAMS 0x00000000a6300000, 0x00000000a6200000| Updating 
|  99|0x00000000a6300000, 0x00000000a6400000, 0x00000000a6400000|100%| O|  |TAMS 0x00000000a6400000, 0x00000000a6300000| Untracked 
| 100|0x00000000a6400000, 0x00000000a6500000, 0x00000000a6500000|100%| O|  |TAMS 0x00000000a6500000, 0x00000000a6400000| Untracked 
| 101|0x00000000a6500000, 0x00000000a6600000, 0x00000000a6600000|100%| O|  |TAMS 0x00000000a6600000, 0x00000000a6500000| Updating 
| 102|0x00000000a6600000, 0x00000000a6700000, 0x00000000a6700000|100%| O|  |TAMS 0x00000000a6700000, 0x00000000a6600000| Untracked 
| 103|0x00000000a6700000, 0x00000000a6800000, 0x00000000a6800000|100%| O|  |TAMS 0x00000000a6800000, 0x00000000a6700000| Untracked 
| 104|0x00000000a6800000, 0x00000000a6900000, 0x00000000a6900000|100%| O|  |TAMS 0x00000000a6900000, 0x00000000a6800000| Untracked 
| 105|0x00000000a6900000, 0x00000000a6a00000, 0x00000000a6a00000|100%| O|  |TAMS 0x00000000a6a00000, 0x00000000a6900000| Untracked 
| 106|0x00000000a6a00000, 0x00000000a6b00000, 0x00000000a6b00000|100%| O|  |TAMS 0x00000000a6b00000, 0x00000000a6a00000| Untracked 
| 107|0x00000000a6b00000, 0x00000000a6c00000, 0x00000000a6c00000|100%| O|  |TAMS 0x00000000a6c00000, 0x00000000a6b00000| Untracked 
| 108|0x00000000a6c00000, 0x00000000a6d00000, 0x00000000a6d00000|100%| O|  |TAMS 0x00000000a6d00000, 0x00000000a6c00000| Untracked 
| 109|0x00000000a6d00000, 0x00000000a6e00000, 0x00000000a6e00000|100%| O|  |TAMS 0x00000000a6e00000, 0x00000000a6d00000| Updating 
| 110|0x00000000a6e00000, 0x00000000a6f00000, 0x00000000a6f00000|100%| O|  |TAMS 0x00000000a6f00000, 0x00000000a6e00000| Updating 
| 111|0x00000000a6f00000, 0x00000000a7000000, 0x00000000a7000000|100%| O|  |TAMS 0x00000000a7000000, 0x00000000a6f00000| Untracked 
| 112|0x00000000a7000000, 0x00000000a7100000, 0x00000000a7100000|100%| O|  |TAMS 0x00000000a7100000, 0x00000000a7000000| Untracked 
| 113|0x00000000a7100000, 0x00000000a7200000, 0x00000000a7200000|100%| O|  |TAMS 0x00000000a7200000, 0x00000000a7100000| Untracked 
| 114|0x00000000a7200000, 0x00000000a7300000, 0x00000000a7300000|100%| O|  |TAMS 0x00000000a7300000, 0x00000000a7200000| Untracked 
| 115|0x00000000a7300000, 0x00000000a7400000, 0x00000000a7400000|100%| O|  |TAMS 0x00000000a7400000, 0x00000000a7300000| Updating 
| 116|0x00000000a7400000, 0x00000000a7500000, 0x00000000a7500000|100%| O|  |TAMS 0x00000000a7500000, 0x00000000a7400000| Untracked 
| 117|0x00000000a7500000, 0x00000000a7600000, 0x00000000a7600000|100%| O|  |TAMS 0x00000000a7600000, 0x00000000a7500000| Untracked 
| 118|0x00000000a7600000, 0x00000000a7700000, 0x00000000a7700000|100%| O|  |TAMS 0x00000000a7700000, 0x00000000a7600000| Updating 
| 119|0x00000000a7700000, 0x00000000a7800000, 0x00000000a7800000|100%| O|  |TAMS 0x00000000a7800000, 0x00000000a7700000| Updating 
| 120|0x00000000a7800000, 0x00000000a7900000, 0x00000000a7900000|100%|HS|  |TAMS 0x00000000a7900000, 0x00000000a7800000| Complete 
| 121|0x00000000a7900000, 0x00000000a7a00000, 0x00000000a7a00000|100%|HS|  |TAMS 0x00000000a7a00000, 0x00000000a7900000| Complete 
| 122|0x00000000a7a00000, 0x00000000a7b00000, 0x00000000a7b00000|100%|HS|  |TAMS 0x00000000a7b00000, 0x00000000a7a00000| Complete 
| 123|0x00000000a7b00000, 0x00000000a7c00000, 0x00000000a7c00000|100%|HS|  |TAMS 0x00000000a7c00000, 0x00000000a7b00000| Complete 
| 124|0x00000000a7c00000, 0x00000000a7d00000, 0x00000000a7d00000|100%|HC|  |TAMS 0x00000000a7d00000, 0x00000000a7c00000| Complete 
| 125|0x00000000a7d00000, 0x00000000a7e00000, 0x00000000a7e00000|100%|HC|  |TAMS 0x00000000a7e00000, 0x00000000a7d00000| Complete 
| 126|0x00000000a7e00000, 0x00000000a7f00000, 0x00000000a7f00000|100%|HC|  |TAMS 0x00000000a7f00000, 0x00000000a7e00000| Complete 
| 127|0x00000000a7f00000, 0x00000000a8000000, 0x00000000a8000000|100%|HS|  |TAMS 0x00000000a8000000, 0x00000000a7f00000| Complete 
| 128|0x00000000a8000000, 0x00000000a8100000, 0x00000000a8100000|100%| O|  |TAMS 0x00000000a8100000, 0x00000000a8000000| Untracked 
| 129|0x00000000a8100000, 0x00000000a8200000, 0x00000000a8200000|100%| O|  |TAMS 0x00000000a8200000, 0x00000000a8100000| Untracked 
| 130|0x00000000a8200000, 0x00000000a8300000, 0x00000000a8300000|100%| O|  |TAMS 0x00000000a8300000, 0x00000000a8200000| Untracked 
| 131|0x00000000a8300000, 0x00000000a8400000, 0x00000000a8400000|100%| O|  |TAMS 0x00000000a8400000, 0x00000000a8300000| Untracked 
| 132|0x00000000a8400000, 0x00000000a8500000, 0x00000000a8500000|100%| O|  |TAMS 0x00000000a8500000, 0x00000000a8400000| Updating 
| 133|0x00000000a8500000, 0x00000000a8600000, 0x00000000a8600000|100%| O|  |TAMS 0x00000000a8600000, 0x00000000a8500000| Updating 
| 134|0x00000000a8600000, 0x00000000a8700000, 0x00000000a8700000|100%|HS|  |TAMS 0x00000000a8700000, 0x00000000a8600000| Complete 
| 135|0x00000000a8700000, 0x00000000a8800000, 0x00000000a8800000|100%| O|  |TAMS 0x00000000a8800000, 0x00000000a8700000| Updating 
| 136|0x00000000a8800000, 0x00000000a8900000, 0x00000000a8900000|100%| O|  |TAMS 0x00000000a8900000, 0x00000000a8800000| Untracked 
| 137|0x00000000a8900000, 0x00000000a8a00000, 0x00000000a8a00000|100%| O|  |TAMS 0x00000000a8a00000, 0x00000000a8900000| Untracked 
| 138|0x00000000a8a00000, 0x00000000a8b00000, 0x00000000a8b00000|100%| O|  |TAMS 0x00000000a8b00000, 0x00000000a8a00000| Untracked 
| 139|0x00000000a8b00000, 0x00000000a8c00000, 0x00000000a8c00000|100%| O|  |TAMS 0x00000000a8c00000, 0x00000000a8b00000| Untracked 
| 140|0x00000000a8c00000, 0x00000000a8d00000, 0x00000000a8d00000|100%| O|  |TAMS 0x00000000a8d00000, 0x00000000a8c00000| Untracked 
| 141|0x00000000a8d00000, 0x00000000a8e00000, 0x00000000a8e00000|100%| O|  |TAMS 0x00000000a8e00000, 0x00000000a8d00000| Updating 
| 142|0x00000000a8e00000, 0x00000000a8f00000, 0x00000000a8f00000|100%| O|  |TAMS 0x00000000a8f00000, 0x00000000a8e00000| Updating 
| 143|0x00000000a8f00000, 0x00000000a9000000, 0x00000000a9000000|100%| O|  |TAMS 0x00000000a9000000, 0x00000000a8f00000| Untracked 
| 144|0x00000000a9000000, 0x00000000a9100000, 0x00000000a9100000|100%| O|  |TAMS 0x00000000a9100000, 0x00000000a9000000| Untracked 
| 145|0x00000000a9100000, 0x00000000a9200000, 0x00000000a9200000|100%| O|  |TAMS 0x00000000a9200000, 0x00000000a9100000| Updating 
| 146|0x00000000a9200000, 0x00000000a9300000, 0x00000000a9300000|100%| O|  |TAMS 0x00000000a9300000, 0x00000000a9200000| Updating 
| 147|0x00000000a9300000, 0x00000000a9400000, 0x00000000a9400000|100%| O|  |TAMS 0x00000000a9400000, 0x00000000a9300000| Untracked 
| 148|0x00000000a9400000, 0x00000000a9500000, 0x00000000a9500000|100%| O|  |TAMS 0x00000000a9500000, 0x00000000a9400000| Untracked 
| 149|0x00000000a9500000, 0x00000000a9600000, 0x00000000a9600000|100%| O|  |TAMS 0x00000000a9600000, 0x00000000a9500000| Updating 
| 150|0x00000000a9600000, 0x00000000a9700000, 0x00000000a9700000|100%| O|  |TAMS 0x00000000a9627800, 0x00000000a9600000| Untracked 
| 151|0x00000000a9700000, 0x00000000a9800000, 0x00000000a9800000|100%|HS|  |TAMS 0x00000000a9800000, 0x00000000a9700000| Complete 
| 152|0x00000000a9800000, 0x00000000a9900000, 0x00000000a9900000|100%|HC|  |TAMS 0x00000000a9900000, 0x00000000a9800000| Complete 
| 153|0x00000000a9900000, 0x00000000a9a00000, 0x00000000a9a00000|100%| O|  |TAMS 0x00000000a9900000, 0x00000000a9900000| Untracked 
| 154|0x00000000a9a00000, 0x00000000a9b00000, 0x00000000a9b00000|100%| O|  |TAMS 0x00000000a9a00000, 0x00000000a9a00000| Untracked 
| 155|0x00000000a9b00000, 0x00000000a9b48600, 0x00000000a9c00000| 28%| O|  |TAMS 0x00000000a9b00000, 0x00000000a9b00000| Updating 
| 156|0x00000000a9c00000, 0x00000000a9d00000, 0x00000000a9d00000|100%|HS|  |TAMS 0x00000000a9c00000, 0x00000000a9c00000| Complete 
| 157|0x00000000a9d00000, 0x00000000a9e00000, 0x00000000a9e00000|100%|HC|  |TAMS 0x00000000a9d00000, 0x00000000a9d00000| Complete 
| 158|0x00000000a9e00000, 0x00000000a9f00000, 0x00000000a9f00000|100%|HC|  |TAMS 0x00000000a9e00000, 0x00000000a9e00000| Complete 
| 159|0x00000000a9f00000, 0x00000000aa000000, 0x00000000aa000000|100%|HC|  |TAMS 0x00000000a9f00000, 0x00000000a9f00000| Complete 
| 160|0x00000000aa000000, 0x00000000aa100000, 0x00000000aa100000|100%|HS|  |TAMS 0x00000000aa000000, 0x00000000aa000000| Complete 
| 161|0x00000000aa100000, 0x00000000aa100000, 0x00000000aa200000|  0%| F|  |TAMS 0x00000000aa100000, 0x00000000aa100000| Untracked 
| 162|0x00000000aa200000, 0x00000000aa200000, 0x00000000aa300000|  0%| F|  |TAMS 0x00000000aa200000, 0x00000000aa200000| Untracked 
| 163|0x00000000aa300000, 0x00000000aa300000, 0x00000000aa400000|  0%| F|  |TAMS 0x00000000aa300000, 0x00000000aa300000| Untracked 
| 164|0x00000000aa400000, 0x00000000aa400000, 0x00000000aa500000|  0%| F|  |TAMS 0x00000000aa400000, 0x00000000aa400000| Untracked 
| 165|0x00000000aa500000, 0x00000000aa500000, 0x00000000aa600000|  0%| F|  |TAMS 0x00000000aa500000, 0x00000000aa500000| Untracked 
| 166|0x00000000aa600000, 0x00000000aa600000, 0x00000000aa700000|  0%| F|  |TAMS 0x00000000aa600000, 0x00000000aa600000| Untracked 
| 167|0x00000000aa700000, 0x00000000aa700000, 0x00000000aa800000|  0%| F|  |TAMS 0x00000000aa700000, 0x00000000aa700000| Untracked 
| 168|0x00000000aa800000, 0x00000000aa800000, 0x00000000aa900000|  0%| F|  |TAMS 0x00000000aa800000, 0x00000000aa800000| Untracked 
| 169|0x00000000aa900000, 0x00000000aa900000, 0x00000000aaa00000|  0%| F|  |TAMS 0x00000000aa900000, 0x00000000aa900000| Untracked 
| 170|0x00000000aaa00000, 0x00000000aaa00000, 0x00000000aab00000|  0%| F|  |TAMS 0x00000000aaa00000, 0x00000000aaa00000| Untracked 
| 171|0x00000000aab00000, 0x00000000aab00000, 0x00000000aac00000|  0%| F|  |TAMS 0x00000000aab00000, 0x00000000aab00000| Untracked 
| 172|0x00000000aac00000, 0x00000000aac00000, 0x00000000aad00000|  0%| F|  |TAMS 0x00000000aac00000, 0x00000000aac00000| Untracked 
| 173|0x00000000aad00000, 0x00000000aad00000, 0x00000000aae00000|  0%| F|  |TAMS 0x00000000aad00000, 0x00000000aad00000| Untracked 
| 174|0x00000000aae00000, 0x00000000aae00000, 0x00000000aaf00000|  0%| F|  |TAMS 0x00000000aae00000, 0x00000000aae00000| Untracked 
| 175|0x00000000aaf00000, 0x00000000aaf00000, 0x00000000ab000000|  0%| F|  |TAMS 0x00000000aaf00000, 0x00000000aaf00000| Untracked 
| 176|0x00000000ab000000, 0x00000000ab000000, 0x00000000ab100000|  0%| F|  |TAMS 0x00000000ab000000, 0x00000000ab000000| Untracked 
| 177|0x00000000ab100000, 0x00000000ab100000, 0x00000000ab200000|  0%| F|  |TAMS 0x00000000ab100000, 0x00000000ab100000| Untracked 
| 178|0x00000000ab200000, 0x00000000ab200000, 0x00000000ab300000|  0%| F|  |TAMS 0x00000000ab200000, 0x00000000ab200000| Untracked 
| 179|0x00000000ab300000, 0x00000000ab300000, 0x00000000ab400000|  0%| F|  |TAMS 0x00000000ab300000, 0x00000000ab300000| Untracked 
| 180|0x00000000ab400000, 0x00000000ab400000, 0x00000000ab500000|  0%| F|  |TAMS 0x00000000ab400000, 0x00000000ab400000| Untracked 
| 181|0x00000000ab500000, 0x00000000ab500000, 0x00000000ab600000|  0%| F|  |TAMS 0x00000000ab500000, 0x00000000ab500000| Untracked 
| 182|0x00000000ab600000, 0x00000000ab600000, 0x00000000ab700000|  0%| F|  |TAMS 0x00000000ab600000, 0x00000000ab600000| Untracked 
| 183|0x00000000ab700000, 0x00000000ab700000, 0x00000000ab800000|  0%| F|  |TAMS 0x00000000ab700000, 0x00000000ab700000| Untracked 
| 184|0x00000000ab800000, 0x00000000ab800000, 0x00000000ab900000|  0%| F|  |TAMS 0x00000000ab800000, 0x00000000ab800000| Untracked 
| 185|0x00000000ab900000, 0x00000000ab900000, 0x00000000aba00000|  0%| F|  |TAMS 0x00000000ab900000, 0x00000000ab900000| Untracked 
| 186|0x00000000aba00000, 0x00000000aba00000, 0x00000000abb00000|  0%| F|  |TAMS 0x00000000aba00000, 0x00000000aba00000| Untracked 
| 187|0x00000000abb00000, 0x00000000abb54f20, 0x00000000abc00000| 33%| E|  |TAMS 0x00000000abb00000, 0x00000000abb00000| Complete 
| 188|0x00000000abc00000, 0x00000000abc6bef8, 0x00000000abd00000| 42%| S|CS|TAMS 0x00000000abc00000, 0x00000000abc00000| Complete 
| 189|0x00000000abd00000, 0x00000000abe00000, 0x00000000abe00000|100%| S|CS|TAMS 0x00000000abd00000, 0x00000000abd00000| Complete 
| 190|0x00000000abe00000, 0x00000000abf00000, 0x00000000abf00000|100%| E|CS|TAMS 0x00000000abe00000, 0x00000000abe00000| Complete 
| 191|0x00000000abf00000, 0x00000000ac000000, 0x00000000ac000000|100%| E|CS|TAMS 0x00000000abf00000, 0x00000000abf00000| Complete 
| 192|0x00000000ac000000, 0x00000000ac100000, 0x00000000ac100000|100%| E|CS|TAMS 0x00000000ac000000, 0x00000000ac000000| Complete 
| 193|0x00000000ac100000, 0x00000000ac200000, 0x00000000ac200000|100%| E|CS|TAMS 0x00000000ac100000, 0x00000000ac100000| Complete 
| 194|0x00000000ac200000, 0x00000000ac300000, 0x00000000ac300000|100%| E|CS|TAMS 0x00000000ac200000, 0x00000000ac200000| Complete 
| 195|0x00000000ac300000, 0x00000000ac400000, 0x00000000ac400000|100%| E|CS|TAMS 0x00000000ac300000, 0x00000000ac300000| Complete 
|1534|0x00000000ffe00000, 0x00000000fff00000, 0x00000000fff00000|100%| O|  |TAMS 0x00000000fff00000, 0x00000000ffe00000| Updating 
|1535|0x00000000fff00000, 0x0000000100000000, 0x0000000100000000|100%| O|  |TAMS 0x0000000100000000, 0x00000000fff00000| Updating 

Card table byte_map: [0x0000017877a20000,0x0000017877d20000] _byte_map_base: 0x0000017877520000

Marking Bits (Prev, Next): (CMBitMap*) 0x00000178652a0c30, (CMBitMap*) 0x00000178652a0c70
 Prev Bits: [0x0000017878020000, 0x0000017879820000)
 Next Bits: [0x0000017879820000, 0x000001787b020000)

Polling page: 0x0000017864a20000

Metaspace:

Usage:
  Non-class:     75.22 MB used.
      Class:     11.82 MB used.
       Both:     87.04 MB used.

Virtual space:
  Non-class space:       80.00 MB reserved,      75.88 MB ( 95%) committed,  10 nodes.
      Class space:        1.00 GB reserved,      12.25 MB (  1%) committed,  1 nodes.
             Both:        1.08 GB reserved,      88.12 MB (  8%) committed. 

Chunk freelists:
   Non-Class:  144.00 KB
       Class:  3.63 MB
        Both:  3.77 MB

MaxMetaspaceSize: unlimited
CompressedClassSpaceSize: 1.00 GB
Initial GC threshold: 21.00 MB
Current GC threshold: 140.12 MB
CDS: off
MetaspaceReclaimPolicy: balanced
 - commit_granule_bytes: 65536.
 - commit_granule_words: 8192.
 - virtual_space_node_default_size: 1048576.
 - enlarge_chunks_in_place: 1.
 - new_chunks_are_fully_committed: 0.
 - uncommit_free_chunks: 1.
 - use_allocation_guard: 0.
 - handle_deallocations: 1.


Internal statistics:

num_allocs_failed_limit: 9.
num_arena_births: 1236.
num_arena_deaths: 0.
num_vsnodes_births: 11.
num_vsnodes_deaths: 0.
num_space_committed: 1410.
num_space_uncommitted: 0.
num_chunks_returned_to_freelist: 9.
num_chunks_taken_from_freelist: 4730.
num_chunk_merges: 0.
num_chunk_splits: 3042.
num_chunks_enlarged: 1898.
num_purges: 0.
num_inconsistent_stats: 0.

CodeHeap 'non-profiled nmethods': size=120000Kb used=6513Kb max_used=6513Kb free=113486Kb
 bounds [0x00000178701f0000, 0x0000017870850000, 0x0000017877720000]
CodeHeap 'profiled nmethods': size=120000Kb used=20673Kb max_used=20673Kb free=99326Kb
 bounds [0x0000017868720000, 0x0000017869b60000, 0x000001786fc50000]
CodeHeap 'non-nmethods': size=5760Kb used=2377Kb max_used=2439Kb free=3382Kb
 bounds [0x000001786fc50000, 0x000001786fed0000, 0x00000178701f0000]
 total_blobs=11225 nmethods=10316 adapters=820
 compilation: enabled
              stopped_count=0, restarted_count=0
 full_count=0

Compilation events (20 events):
Event: 236.726 Thread 0x000001787e00ece0 nmethod 12103 0x0000017869b4a490 code [0x0000017869b4a660, 0x0000017869b4aa28]
Event: 236.727 Thread 0x000001787e00ece0 12104       3       kotlin.text.MatcherMatchResult$groups$1$iterator$1::invoke (12 bytes)
Event: 236.727 Thread 0x000001787e00ece0 nmethod 12104 0x0000017869b4ac10 code [0x0000017869b4ade0, 0x0000017869b4b138]
Event: 236.728 Thread 0x000001787e00ece0 12105       3       kotlin.text.RegexKt::access$range (6 bytes)
Event: 236.728 Thread 0x000001787e00ece0 nmethod 12105 0x0000017869b4b290 code [0x0000017869b4b460, 0x0000017869b4b6e8]
Event: 236.729 Thread 0x000001787e00ece0 12106       3       java.util.regex.Matcher::start (65 bytes)
Event: 236.731 Thread 0x000001787e00ece0 nmethod 12106 0x0000017869b4b890 code [0x0000017869b4bae0, 0x0000017869b4c308]
Event: 236.731 Thread 0x000001787e00ece0 12107       3       java.util.regex.Matcher::end (67 bytes)
Event: 236.734 Thread 0x000001787e00ece0 nmethod 12107 0x0000017869b4c690 code [0x0000017869b4c8e0, 0x0000017869b4d128]
Event: 236.734 Thread 0x000001787e00ece0 12108       3       kotlin.text.MatchGroup::<init> (27 bytes)
Event: 236.737 Thread 0x000001787e00ece0 nmethod 12108 0x0000017869b4d490 code [0x0000017869b4d720, 0x0000017869b4e258]
Event: 236.748 Thread 0x000001787e00ece0 12109       3       org.jetbrains.kotlin.gradle.plugin.mpp.AndroidCompilationDetails::getCompilation (13 bytes)
Event: 236.748 Thread 0x000001787e00ece0 nmethod 12109 0x0000017869b4e610 code [0x0000017869b4e7c0, 0x0000017869b4ea68]
Event: 236.748 Thread 0x000001787e00ece0 12110       3       org.jetbrains.kotlin.gradle.plugin.mpp.KotlinJvmAndroidCompilationFactory$create$details$1::invoke (5 bytes)
Event: 236.751 Thread 0x000001787e00ece0 nmethod 12110 0x0000017869b4eb90 code [0x0000017869b4ee20, 0x0000017869b4f7f8]
Event: 236.751 Thread 0x000001787e00ece0 12111       3       org.jetbrains.kotlin.gradle.plugin.mpp.KotlinJvmAndroidCompilationFactory$create$details$1::invoke (30 bytes)
Event: 236.753 Thread 0x000001787e00ece0 nmethod 12111 0x0000017869b4fb90 code [0x0000017869b4fe00, 0x0000017869b50758]
Event: 236.760 Thread 0x000001787e00ece0 12112       3       org.gradle.util.GradleVersion::current (4 bytes)
Event: 236.761 Thread 0x000001787e00ece0 nmethod 12112 0x0000017869b50b10 code [0x0000017869b50ca0, 0x0000017869b50df8]
Event: 236.761 Thread 0x000001787e00ece0 12113       3       org.jetbrains.kotlin.gradle.plugin.mpp.AbstractKotlinCompilation::getCompilationName (15 bytes)

GC Heap History (20 events):
Event: 215.688 GC heap before
{Heap before GC invocations=65 (full 0):
 garbage-first heap   total 168960K, used 137668K [0x00000000a0000000, 0x0000000100000000)
  region size 1024K, 34 young (34816K), 1 survivors (1024K)
 Metaspace       used 86695K, committed 87616K, reserved 1130496K
  class space    used 11792K, committed 12160K, reserved 1048576K
}
Event: 215.736 GC heap after
{Heap after GC invocations=66 (full 0):
 garbage-first heap   total 168960K, used 109069K [0x00000000a0000000, 0x0000000100000000)
  region size 1024K, 5 young (5120K), 5 survivors (5120K)
 Metaspace       used 86695K, committed 87616K, reserved 1130496K
  class space    used 11792K, committed 12160K, reserved 1048576K
}
Event: 222.059 GC heap before
{Heap before GC invocations=66 (full 0):
 garbage-first heap   total 168960K, used 138765K [0x00000000a0000000, 0x0000000100000000)
  region size 1024K, 34 young (34816K), 5 survivors (5120K)
 Metaspace       used 87169K, committed 88128K, reserved 1130496K
  class space    used 11851K, committed 12224K, reserved 1048576K
}
Event: 222.115 GC heap after
{Heap after GC invocations=67 (full 0):
 garbage-first heap   total 168960K, used 114688K [0x00000000a0000000, 0x0000000100000000)
  region size 1024K, 5 young (5120K), 5 survivors (5120K)
 Metaspace       used 87169K, committed 88128K, reserved 1130496K
  class space    used 11851K, committed 12224K, reserved 1048576K
}
Event: 224.396 GC heap before
{Heap before GC invocations=67 (full 0):
 garbage-first heap   total 168960K, used 139264K [0x00000000a0000000, 0x0000000100000000)
  region size 1024K, 29 young (29696K), 5 survivors (5120K)
 Metaspace       used 87534K, committed 88576K, reserved 1130496K
  class space    used 11907K, committed 12352K, reserved 1048576K
}
Event: 224.445 GC heap after
{Heap after GC invocations=68 (full 0):
 garbage-first heap   total 168960K, used 119390K [0x00000000a0000000, 0x0000000100000000)
  region size 1024K, 4 young (4096K), 4 survivors (4096K)
 Metaspace       used 87534K, committed 88576K, reserved 1130496K
  class space    used 11907K, committed 12352K, reserved 1048576K
}
Event: 225.964 GC heap before
{Heap before GC invocations=68 (full 0):
 garbage-first heap   total 168960K, used 139870K [0x00000000a0000000, 0x0000000100000000)
  region size 1024K, 24 young (24576K), 4 survivors (4096K)
 Metaspace       used 87876K, committed 88960K, reserved 1130496K
  class space    used 11952K, committed 12416K, reserved 1048576K
}
Event: 226.005 GC heap after
{Heap after GC invocations=69 (full 0):
 garbage-first heap   total 168960K, used 123881K [0x00000000a0000000, 0x0000000100000000)
  region size 1024K, 3 young (3072K), 3 survivors (3072K)
 Metaspace       used 87876K, committed 88960K, reserved 1130496K
  class space    used 11952K, committed 12416K, reserved 1048576K
}
Event: 227.426 GC heap before
{Heap before GC invocations=69 (full 0):
 garbage-first heap   total 168960K, used 141289K [0x00000000a0000000, 0x0000000100000000)
  region size 1024K, 20 young (20480K), 3 survivors (3072K)
 Metaspace       used 87982K, committed 89024K, reserved 1130496K
  class space    used 11963K, committed 12416K, reserved 1048576K
}
Event: 227.462 GC heap after
{Heap after GC invocations=70 (full 0):
 garbage-first heap   total 202752K, used 126864K [0x00000000a0000000, 0x0000000100000000)
  region size 1024K, 3 young (3072K), 3 survivors (3072K)
 Metaspace       used 87982K, committed 89024K, reserved 1130496K
  class space    used 11963K, committed 12416K, reserved 1048576K
}
Event: 230.141 GC heap before
{Heap before GC invocations=70 (full 0):
 garbage-first heap   total 202752K, used 167824K [0x00000000a0000000, 0x0000000100000000)
  region size 1024K, 36 young (36864K), 3 survivors (3072K)
 Metaspace       used 88341K, committed 89472K, reserved 1130496K
  class space    used 12010K, committed 12480K, reserved 1048576K
}
Event: 230.182 GC heap after
{Heap after GC invocations=71 (full 0):
 garbage-first heap   total 202752K, used 142687K [0x00000000a0000000, 0x0000000100000000)
  region size 1024K, 5 young (5120K), 5 survivors (5120K)
 Metaspace       used 88341K, committed 89472K, reserved 1130496K
  class space    used 12010K, committed 12480K, reserved 1048576K
}
Event: 232.275 GC heap before
{Heap before GC invocations=71 (full 0):
 garbage-first heap   total 202752K, used 168287K [0x00000000a0000000, 0x0000000100000000)
  region size 1024K, 29 young (29696K), 5 survivors (5120K)
 Metaspace       used 88534K, committed 89664K, reserved 1130496K
  class space    used 12044K, committed 12480K, reserved 1048576K
}
Event: 232.321 GC heap after
{Heap after GC invocations=72 (full 0):
 garbage-first heap   total 202752K, used 151817K [0x00000000a0000000, 0x0000000100000000)
  region size 1024K, 4 young (4096K), 4 survivors (4096K)
 Metaspace       used 88534K, committed 89664K, reserved 1130496K
  class space    used 12044K, committed 12480K, reserved 1048576K
}
Event: 234.047 GC heap before
{Heap before GC invocations=72 (full 0):
 garbage-first heap   total 202752K, used 168201K [0x00000000a0000000, 0x0000000100000000)
  region size 1024K, 21 young (21504K), 4 survivors (4096K)
 Metaspace       used 88660K, committed 89792K, reserved 1130496K
  class space    used 12061K, committed 12480K, reserved 1048576K
}
Event: 234.079 GC heap after
{Heap after GC invocations=73 (full 0):
 garbage-first heap   total 202752K, used 155628K [0x00000000a0000000, 0x0000000100000000)
  region size 1024K, 3 young (3072K), 3 survivors (3072K)
 Metaspace       used 88660K, committed 89792K, reserved 1130496K
  class space    used 12061K, committed 12480K, reserved 1048576K
}
Event: 235.108 GC heap before
{Heap before GC invocations=73 (full 0):
 garbage-first heap   total 202752K, used 170988K [0x00000000a0000000, 0x0000000100000000)
  region size 1024K, 19 young (19456K), 3 survivors (3072K)
 Metaspace       used 88871K, committed 89984K, reserved 1130496K
  class space    used 12085K, committed 12544K, reserved 1048576K
}
Event: 235.135 GC heap after
{Heap after GC invocations=74 (full 0):
 garbage-first heap   total 202752K, used 158878K [0x00000000a0000000, 0x0000000100000000)
  region size 1024K, 3 young (3072K), 3 survivors (3072K)
 Metaspace       used 88871K, committed 89984K, reserved 1130496K
  class space    used 12085K, committed 12544K, reserved 1048576K
}
Event: 235.500 GC heap before
{Heap before GC invocations=74 (full 0):
 garbage-first heap   total 202752K, used 165022K [0x00000000a0000000, 0x0000000100000000)
  region size 1024K, 9 young (9216K), 3 survivors (3072K)
 Metaspace       used 89085K, committed 90240K, reserved 1130496K
  class space    used 12095K, committed 12544K, reserved 1048576K
}
Event: 235.520 GC heap after
{Heap after GC invocations=75 (full 0):
 garbage-first heap   total 202752K, used 162513K [0x00000000a0000000, 0x0000000100000000)
  region size 1024K, 2 young (2048K), 2 survivors (2048K)
 Metaspace       used 89085K, committed 90240K, reserved 1130496K
  class space    used 12095K, committed 12544K, reserved 1048576K
}

Dll operation events (3 events):
Event: 0.109 Loaded shared library C:\Program Files\Android\Android Studio\jbr\bin\java.dll
Event: 2.339 Loaded shared library C:\Program Files\Android\Android Studio\jbr\bin\zip.dll
Event: 7.869 Loaded shared library C:\Program Files\Android\Android Studio\jbr\bin\verify.dll

Deoptimization events (20 events):
Event: 224.560 Thread 0x0000017800faf3f0 DEOPT PACKING pc=0x00000178705cd194 sp=0x0000005bcc6f7db0
Event: 224.560 Thread 0x0000017800faf3f0 DEOPT UNPACKING pc=0x000001786fca69a3 sp=0x0000005bcc6f7d60 mode 2
Event: 224.581 Thread 0x0000017800faf3f0 Uncommon trap: trap_request=0xfffffff4 fr.pc=0x00000178705c6768 relative=0x00000000000004c8
Event: 224.581 Thread 0x0000017800faf3f0 Uncommon trap: reason=null_check action=make_not_entrant pc=0x00000178705c6768 method=java.lang.ThreadLocal$ThreadLocalMap.expungeStaleEntry(I)I @ 51 c2
Event: 224.582 Thread 0x0000017800faf3f0 DEOPT PACKING pc=0x00000178705c6768 sp=0x0000005bcc6f7980
Event: 224.582 Thread 0x0000017800faf3f0 DEOPT UNPACKING pc=0x000001786fca69a3 sp=0x0000005bcc6f7920 mode 2
Event: 225.129 Thread 0x0000017800faf3f0 DEOPT PACKING pc=0x0000017868aff919 sp=0x0000005bcc6f8d80
Event: 225.129 Thread 0x0000017800faf3f0 DEOPT UNPACKING pc=0x000001786fca7143 sp=0x0000005bcc6f8230 mode 0
Event: 226.278 Thread 0x0000017800faf3f0 DEOPT PACKING pc=0x00000178695bef43 sp=0x0000005bcc6f8c00
Event: 226.279 Thread 0x0000017800faf3f0 DEOPT UNPACKING pc=0x000001786fca7143 sp=0x0000005bcc6f8150 mode 0
Event: 226.877 Thread 0x0000017805e41ef0 Uncommon trap: trap_request=0xffffff45 fr.pc=0x0000017870811b08 relative=0x0000000000001b28
Event: 226.877 Thread 0x0000017805e41ef0 Uncommon trap: reason=unstable_if action=reinterpret pc=0x0000017870811b08 method=java.util.concurrent.locks.ReentrantLock$NonfairSync.tryAcquire(I)Z @ 13 c2
Event: 226.877 Thread 0x0000017805e41ef0 DEOPT PACKING pc=0x0000017870811b08 sp=0x0000005bce8fd980
Event: 226.877 Thread 0x0000017805e41ef0 DEOPT UNPACKING pc=0x000001786fca69a3 sp=0x0000005bce8fd8d8 mode 2
Event: 230.184 Thread 0x0000017801bb77e0 Uncommon trap: trap_request=0xffffff45 fr.pc=0x00000178705217a0 relative=0x0000000000000480
Event: 230.184 Thread 0x0000017801bb77e0 Uncommon trap: reason=unstable_if action=reinterpret pc=0x00000178705217a0 method=java.util.concurrent.ConcurrentLinkedQueue.poll()Ljava/lang/Object; @ 24 c2
Event: 230.184 Thread 0x0000017801bb77e0 DEOPT PACKING pc=0x00000178705217a0 sp=0x0000005bcd7fea90
Event: 230.184 Thread 0x0000017801bb77e0 DEOPT UNPACKING pc=0x000001786fca69a3 sp=0x0000005bcd7fea38 mode 2
Event: 231.584 Thread 0x0000017800faf3f0 DEOPT PACKING pc=0x00000178695bef43 sp=0x0000005bcc6f8ba0
Event: 231.585 Thread 0x0000017800faf3f0 DEOPT UNPACKING pc=0x000001786fca7143 sp=0x0000005bcc6f80f0 mode 0

Classes unloaded (0 events):
No events

Classes redefined (0 events):
No events

Internal exceptions (20 events):
Event: 231.036 Thread 0x0000017800faf3f0 Exception <a 'java/lang/ClassNotFoundException'{0x00000000ab8ff1d0}: com/android/build/gradle/internal/dsl/TestOptions$UnitTestOptions_DecoratedBeanInfo> (0x00000000ab8ff1d0) 
thrown [s\src\hotspot\share\classfile\systemDictionary.cpp, line 256]
Event: 231.040 Thread 0x0000017800faf3f0 Exception <a 'java/lang/ClassNotFoundException'{0x00000000ab70df30}: com/android/build/gradle/internal/dsl/TestOptions$UnitTestOptionsBeanInfo> (0x00000000ab70df30) 
thrown [s\src\hotspot\share\classfile\systemDictionary.cpp, line 256]
Event: 231.044 Thread 0x0000017800faf3f0 Exception <a 'java/lang/ClassNotFoundException'{0x00000000ab71c760}: com/android/build/gradle/internal/dsl/TestOptions$UnitTestOptionsCustomizer> (0x00000000ab71c760) 
thrown [s\src\hotspot\share\classfile\systemDictionary.cpp, line 256]
Event: 231.047 Thread 0x0000017800faf3f0 Exception <a 'java/lang/ClassNotFoundException'{0x00000000ab7325b0}: com/android/build/gradle/internal/dsl/TestOptions$UnitTestOptions_DecoratedCustomizer> (0x00000000ab7325b0) 
thrown [s\src\hotspot\share\classfile\systemDictionary.cpp, line 256]
Event: 231.581 Thread 0x0000017800faf3f0 Exception <a 'java/lang/ClassNotFoundException'{0x00000000ab3bc300}: build_cz0eyzq3do3svrmin2z5mls9bBeanInfo> (0x00000000ab3bc300) 
thrown [s\src\hotspot\share\classfile\systemDictionary.cpp, line 256]
Event: 231.583 Thread 0x0000017800faf3f0 Exception <a 'java/lang/ClassNotFoundException'{0x00000000ab3c2bf0}: build_cz0eyzq3do3svrmin2z5mls9bCustomizer> (0x00000000ab3c2bf0) 
thrown [s\src\hotspot\share\classfile\systemDictionary.cpp, line 256]
Event: 233.090 Thread 0x0000017800faf3f0 Exception <a 'java/lang/ClassNotFoundException'{0x00000000abe48fd0}: build_cz0eyzq3do3svrmin2z5mls9bBeanInfo> (0x00000000abe48fd0) 
thrown [s\src\hotspot\share\classfile\systemDictionary.cpp, line 256]
Event: 233.092 Thread 0x0000017800faf3f0 Exception <a 'java/lang/ClassNotFoundException'{0x00000000abe4f860}: build_cz0eyzq3do3svrmin2z5mls9bCustomizer> (0x00000000abe4f860) 
thrown [s\src\hotspot\share\classfile\systemDictionary.cpp, line 256]
Event: 233.625 Thread 0x0000017800faf3f0 Exception <a 'java/lang/ClassNotFoundException'{0x00000000ab963c18}: build_4f5v8ci2syq4mk8nxp6qzyv8nBeanInfo> (0x00000000ab963c18) 
thrown [s\src\hotspot\share\classfile\systemDictionary.cpp, line 256]
Event: 233.627 Thread 0x0000017800faf3f0 Exception <a 'java/lang/ClassNotFoundException'{0x00000000ab96a508}: build_4f5v8ci2syq4mk8nxp6qzyv8nCustomizer> (0x00000000ab96a508) 
thrown [s\src\hotspot\share\classfile\systemDictionary.cpp, line 256]
Event: 234.044 Thread 0x0000017800faf3f0 Exception <a 'java/lang/ClassNotFoundException'{0x00000000ab3f0ff8}: build_4f5v8ci2syq4mk8nxp6qzyv8nBeanInfo> (0x00000000ab3f0ff8) 
thrown [s\src\hotspot\share\classfile\systemDictionary.cpp, line 256]
Event: 234.046 Thread 0x0000017800faf3f0 Exception <a 'java/lang/ClassNotFoundException'{0x00000000ab3f7888}: build_4f5v8ci2syq4mk8nxp6qzyv8nCustomizer> (0x00000000ab3f7888) 
thrown [s\src\hotspot\share\classfile\systemDictionary.cpp, line 256]
Event: 234.501 Thread 0x0000017800faf3f0 Exception <a 'java/lang/ClassNotFoundException'{0x00000000abe44c58}: build_i7ko4376q607562hsdstdu9nBeanInfo> (0x00000000abe44c58) 
thrown [s\src\hotspot\share\classfile\systemDictionary.cpp, line 256]
Event: 234.502 Thread 0x0000017800faf3f0 Exception <a 'java/lang/ClassNotFoundException'{0x00000000abe4b528}: build_i7ko4376q607562hsdstdu9nCustomizer> (0x00000000abe4b528) 
thrown [s\src\hotspot\share\classfile\systemDictionary.cpp, line 256]
Event: 235.044 Thread 0x0000017800faf3f0 Exception <a 'java/lang/ClassNotFoundException'{0x00000000ab42c6d0}: build_i7ko4376q607562hsdstdu9nBeanInfo> (0x00000000ab42c6d0) 
thrown [s\src\hotspot\share\classfile\systemDictionary.cpp, line 256]
Event: 235.045 Thread 0x0000017800faf3f0 Exception <a 'java/lang/ClassNotFoundException'{0x00000000ab432f40}: build_i7ko4376q607562hsdstdu9nCustomizer> (0x00000000ab432f40) 
thrown [s\src\hotspot\share\classfile\systemDictionary.cpp, line 256]
Event: 236.003 Thread 0x0000017800faf3f0 Exception <a 'java/lang/ClassNotFoundException'{0x00000000ac154b68}: org/jetbrains/kotlin/gradle/dsl/KotlinJvmOptionsImplBeanInfo> (0x00000000ac154b68) 
thrown [s\src\hotspot\share\classfile\systemDictionary.cpp, line 256]
Event: 236.007 Thread 0x0000017800faf3f0 Exception <a 'java/lang/ClassNotFoundException'{0x00000000ac163328}: org/jetbrains/kotlin/gradle/dsl/KotlinJvmOptionsBaseBeanInfo> (0x00000000ac163328) 
thrown [s\src\hotspot\share\classfile\systemDictionary.cpp, line 256]
Event: 236.011 Thread 0x0000017800faf3f0 Exception <a 'java/lang/ClassNotFoundException'{0x00000000ac171898}: org/jetbrains/kotlin/gradle/dsl/KotlinJvmOptionsBaseCustomizer> (0x00000000ac171898) 
thrown [s\src\hotspot\share\classfile\systemDictionary.cpp, line 256]
Event: 236.015 Thread 0x0000017800faf3f0 Exception <a 'java/lang/ClassNotFoundException'{0x00000000ac191cd0}: org/jetbrains/kotlin/gradle/dsl/KotlinJvmOptionsImplCustomizer> (0x00000000ac191cd0) 
thrown [s\src\hotspot\share\classfile\systemDictionary.cpp, line 256]

VM Operations (20 events):
Event: 228.468 Executing VM operation: Cleanup done
Event: 229.497 Executing VM operation: Cleanup
Event: 229.551 Executing VM operation: Cleanup done
Event: 230.141 Executing VM operation: G1CollectForAllocation
Event: 230.182 Executing VM operation: G1CollectForAllocation done
Event: 231.184 Executing VM operation: Cleanup
Event: 231.184 Executing VM operation: Cleanup done
Event: 232.199 Executing VM operation: Cleanup
Event: 232.200 Executing VM operation: Cleanup done
Event: 232.274 Executing VM operation: G1CollectForAllocation
Event: 232.321 Executing VM operation: G1CollectForAllocation done
Event: 233.328 Executing VM operation: Cleanup
Event: 233.345 Executing VM operation: Cleanup done
Event: 234.046 Executing VM operation: G1CollectForAllocation
Event: 234.079 Executing VM operation: G1CollectForAllocation done
Event: 235.108 Executing VM operation: G1CollectForAllocation
Event: 235.135 Executing VM operation: G1CollectForAllocation done
Event: 235.500 Executing VM operation: G1TryInitiateConcMark
Event: 235.521 Executing VM operation: G1TryInitiateConcMark done
Event: 236.762 Executing VM operation: G1Concurrent

Events (20 events):
Event: 216.760 Thread 0x000001787e00f1f0 flushing nmethod 0x00000178697aa190
Event: 217.004 loading class java/util/regex/Pattern$Pos
Event: 217.005 loading class java/util/regex/Pattern$Pos done
Event: 218.808 Thread 0x0000017802d7ae00 Thread added: 0x0000017802d7ae00
Event: 219.426 Thread 0x0000017802d7ae00 Thread exited: 0x0000017802d7ae00
Event: 225.419 Thread 0x0000017805e44f10 Thread added: 0x0000017805e44f10
Event: 225.419 Thread 0x0000017805e3ea00 Thread added: 0x0000017805e3ea00
Event: 225.420 Thread 0x0000017805e43230 Thread added: 0x0000017805e43230
Event: 226.767 Thread 0x0000017805e3fd40 Thread added: 0x0000017805e3fd40
Event: 226.767 Thread 0x0000017805e41ef0 Thread added: 0x0000017805e41ef0
Event: 226.768 Thread 0x0000017805e3f3a0 Thread added: 0x0000017805e3f3a0
Event: 229.808 Thread 0x0000017805e3e530 Thread added: 0x0000017805e3e530
Event: 229.809 Thread 0x0000017805e41080 Thread added: 0x0000017805e41080
Event: 229.809 Thread 0x0000017805e423c0 Thread added: 0x0000017805e423c0
Event: 232.121 Thread 0x0000017805e42890 Thread added: 0x0000017805e42890
Event: 232.122 Thread 0x0000017805e43700 Thread added: 0x0000017805e43700
Event: 232.123 Thread 0x0000017805e43bd0 Thread added: 0x0000017805e43bd0
Event: 234.716 Thread 0x0000017801bb7cb0 Thread added: 0x0000017801bb7cb0
Event: 234.719 Thread 0x00000178096d9060 Thread added: 0x00000178096d9060
Event: 234.720 Thread 0x00000178096d9ed0 Thread added: 0x00000178096d9ed0


Dynamic libraries:
0x00007ff7b9840000 - 0x00007ff7b984a000 	C:\Program Files\Android\Android Studio\jbr\bin\java.exe
0x00007ff98a390000 - 0x00007ff98a588000 	C:\Windows\SYSTEM32\ntdll.dll
0x00007ff989490000 - 0x00007ff98954d000 	C:\Windows\System32\KERNEL32.DLL
0x00007ff987e80000 - 0x00007ff988176000 	C:\Windows\System32\KERNELBASE.dll
0x00007ff987cd0000 - 0x00007ff987dd0000 	C:\Windows\System32\ucrtbase.dll
0x00007ff97f6a0000 - 0x00007ff97f6b7000 	C:\Program Files\Android\Android Studio\jbr\bin\jli.dll
0x00007ff989d20000 - 0x00007ff989ebe000 	C:\Windows\System32\USER32.dll
0x00007ff988290000 - 0x00007ff9882b2000 	C:\Windows\System32\win32u.dll
0x00007ff988d80000 - 0x00007ff988dac000 	C:\Windows\System32\GDI32.dll
0x00007ff9882c0000 - 0x00007ff9883da000 	C:\Windows\System32\gdi32full.dll
0x00007ff988180000 - 0x00007ff98821d000 	C:\Windows\System32\msvcp_win.dll
0x00007ff97f190000 - 0x00007ff97f1ab000 	C:\Program Files\Android\Android Studio\jbr\bin\VCRUNTIME140.dll
0x00007ff972a10000 - 0x00007ff972caa000 	C:\Windows\WinSxS\amd64_microsoft.windows.common-controls_6595b64144ccf1df_6.0.19041.3636_none_60b6a03d71f818d5\COMCTL32.dll
0x00007ff989230000 - 0x00007ff9892ce000 	C:\Windows\System32\msvcrt.dll
0x00007ff988510000 - 0x00007ff988540000 	C:\Windows\System32\IMM32.DLL
0x00007ff9850f0000 - 0x00007ff9850fc000 	C:\Program Files\Android\Android Studio\jbr\bin\vcruntime140_1.dll
0x00007ff966640000 - 0x00007ff9666cd000 	C:\Program Files\Android\Android Studio\jbr\bin\msvcp140.dll
0x00007ff951fb0000 - 0x00007ff952c1e000 	C:\Program Files\Android\Android Studio\jbr\bin\server\jvm.dll
0x00007ff9899c0000 - 0x00007ff989a73000 	C:\Windows\System32\ADVAPI32.dll
0x00007ff989bb0000 - 0x00007ff989c4f000 	C:\Windows\System32\sechost.dll
0x00007ff989a80000 - 0x00007ff989ba6000 	C:\Windows\System32\RPCRT4.dll
0x00007ff987ca0000 - 0x00007ff987cc7000 	C:\Windows\System32\bcrypt.dll
0x00007ff976b30000 - 0x00007ff976b39000 	C:\Windows\SYSTEM32\WSOCK32.dll
0x00007ff989330000 - 0x00007ff98939b000 	C:\Windows\System32\WS2_32.dll
0x00007ff9784f0000 - 0x00007ff978517000 	C:\Windows\SYSTEM32\WINMM.dll
0x00007ff97ac50000 - 0x00007ff97ac5a000 	C:\Windows\SYSTEM32\VERSION.dll
0x00007ff985910000 - 0x00007ff985922000 	C:\Windows\SYSTEM32\kernel.appcore.dll
0x00007ff9850e0000 - 0x00007ff9850ea000 	C:\Program Files\Android\Android Studio\jbr\bin\jimage.dll
0x00007ff97bb90000 - 0x00007ff97bd74000 	C:\Windows\SYSTEM32\DBGHELP.DLL
0x00007ff972fb0000 - 0x00007ff972fe4000 	C:\Windows\SYSTEM32\dbgcore.DLL
0x00007ff987bc0000 - 0x00007ff987c42000 	C:\Windows\System32\bcryptPrimitives.dll
0x00007ff980370000 - 0x00007ff98037e000 	C:\Program Files\Android\Android Studio\jbr\bin\instrument.dll
0x00007ff9833a0000 - 0x00007ff9833c5000 	C:\Program Files\Android\Android Studio\jbr\bin\java.dll
0x00007ff9850a0000 - 0x00007ff9850b8000 	C:\Program Files\Android\Android Studio\jbr\bin\zip.dll
0x00007ff988540000 - 0x00007ff988c85000 	C:\Windows\System32\SHELL32.dll
0x00007ff985b10000 - 0x00007ff9862ab000 	C:\Windows\SYSTEM32\windows.storage.dll
0x00007ff989ee0000 - 0x00007ff98a234000 	C:\Windows\System32\combase.dll
0x00007ff9873c0000 - 0x00007ff9873ed000 	C:\Windows\SYSTEM32\Wldp.dll
0x00007ff98a2a0000 - 0x00007ff98a34d000 	C:\Windows\System32\SHCORE.dll
0x00007ff9892d0000 - 0x00007ff989325000 	C:\Windows\System32\shlwapi.dll
0x00007ff987990000 - 0x00007ff9879b5000 	C:\Windows\SYSTEM32\profapi.dll
0x00007ff980380000 - 0x00007ff980399000 	C:\Program Files\Android\Android Studio\jbr\bin\net.dll
0x00007ff97b410000 - 0x00007ff97b51a000 	C:\Windows\SYSTEM32\WINHTTP.dll
0x00007ff987120000 - 0x00007ff98718a000 	C:\Windows\system32\mswsock.dll
0x00007ff97f840000 - 0x00007ff97f856000 	C:\Program Files\Android\Android Studio\jbr\bin\nio.dll
0x00007ff983380000 - 0x00007ff983390000 	C:\Program Files\Android\Android Studio\jbr\bin\verify.dll
0x00007ff971520000 - 0x00007ff971547000 	C:\Users\DELL PC\.gradle\native\68d5fa5c4cc2d200863cafc0d521ce42e7d3e7ee720ec0a83991735586a16f82\windows-amd64\native-platform.dll
0x00007ff94d9e0000 - 0x00007ff94db24000 	C:\Users\DELL PC\.gradle\native\e376f236ea51e6404a007f0833ffe2c6e607c4080706a723a18a27aeea778392\windows-amd64\native-platform-file-events.dll
0x00007ff981e80000 - 0x00007ff981e89000 	C:\Program Files\Android\Android Studio\jbr\bin\management.dll
0x00007ff9805a0000 - 0x00007ff9805ab000 	C:\Program Files\Android\Android Studio\jbr\bin\management_ext.dll
0x00007ff988db0000 - 0x00007ff988db8000 	C:\Windows\System32\PSAPI.DLL
0x00007ff987310000 - 0x00007ff987328000 	C:\Windows\SYSTEM32\CRYPTSP.dll
0x00007ff986a50000 - 0x00007ff986a84000 	C:\Windows\system32\rsaenh.dll
0x00007ff987910000 - 0x00007ff98793e000 	C:\Windows\SYSTEM32\USERENV.dll
0x00007ff987330000 - 0x00007ff98733c000 	C:\Windows\SYSTEM32\CRYPTBASE.dll
0x00007ff986e10000 - 0x00007ff986e4b000 	C:\Windows\SYSTEM32\IPHLPAPI.DLL
0x00007ff988c90000 - 0x00007ff988c98000 	C:\Windows\System32\NSI.dll
0x00007ff97ba90000 - 0x00007ff97baa7000 	C:\Windows\SYSTEM32\dhcpcsvc6.DLL
0x00007ff97c160000 - 0x00007ff97c17d000 	C:\Windows\SYSTEM32\dhcpcsvc.DLL
0x00007ff986e50000 - 0x00007ff986f1a000 	C:\Windows\SYSTEM32\DNSAPI.dll
0x00007ff9801a0000 - 0x00007ff9801a7000 	C:\Windows\system32\wshunix.dll

dbghelp: loaded successfully - version: 4.0.5 - missing functions: none
symbol engine: initialized successfully - sym options: 0x614 - pdb path: .;C:\Program Files\Android\Android Studio\jbr\bin;C:\Windows\SYSTEM32;C:\Windows\WinSxS\amd64_microsoft.windows.common-controls_6595b64144ccf1df_6.0.19041.3636_none_60b6a03d71f818d5;C:\Program Files\Android\Android Studio\jbr\bin\server;C:\Users\DELL PC\.gradle\native\68d5fa5c4cc2d200863cafc0d521ce42e7d3e7ee720ec0a83991735586a16f82\windows-amd64;C:\Users\DELL PC\.gradle\native\e376f236ea51e6404a007f0833ffe2c6e607c4080706a723a18a27aeea778392\windows-amd64

VM Arguments:
jvm_args: --add-opens=java.base/java.util=ALL-UNNAMED --add-opens=java.base/java.lang=ALL-UNNAMED --add-opens=java.base/java.lang.invoke=ALL-UNNAMED --add-opens=java.prefs/java.util.prefs=ALL-UNNAMED --add-opens=java.base/java.nio.charset=ALL-UNNAMED --add-opens=java.base/java.net=ALL-UNNAMED --add-opens=java.base/java.util.concurrent.atomic=ALL-UNNAMED -Xmx1536M -Dfile.encoding=windows-1252 -Duser.country=US -Duser.language=en -Duser.variant -javaagent:C:\Users\DELL PC\.gradle\wrapper\dists\gradle-8.1-bin\2eyty4r6kz6fpakefpk52nbbm\gradle-8.1\lib\agents\gradle-instrumentation-agent-8.1.jar 
java_command: org.gradle.launcher.daemon.bootstrap.GradleDaemon 8.1
java_class_path (initial): C:\Users\DELL PC\.gradle\wrapper\dists\gradle-8.1-bin\2eyty4r6kz6fpakefpk52nbbm\gradle-8.1\lib\gradle-launcher-8.1.jar
Launcher Type: SUN_STANDARD

[Global flags]
     intx CICompilerCount                          = 3                                         {product} {ergonomic}
     uint ConcGCThreads                            = 1                                         {product} {ergonomic}
     uint G1ConcRefinementThreads                  = 4                                         {product} {ergonomic}
   size_t G1HeapRegionSize                         = 1048576                                   {product} {ergonomic}
    uintx GCDrainStackTargetSize                   = 64                                        {product} {ergonomic}
   size_t InitialHeapSize                          = 134217728                                 {product} {ergonomic}
   size_t MarkStackSize                            = 4194304                                   {product} {ergonomic}
   size_t MaxHeapSize                              = 1610612736                                {product} {command line}
   size_t MaxNewSize                               = 965738496                                 {product} {ergonomic}
   size_t MinHeapDeltaBytes                        = 1048576                                   {product} {ergonomic}
   size_t MinHeapSize                              = 8388608                                   {product} {ergonomic}
    uintx NonNMethodCodeHeapSize                   = 5832780                                {pd product} {ergonomic}
    uintx NonProfiledCodeHeapSize                  = 122912730                              {pd product} {ergonomic}
    uintx ProfiledCodeHeapSize                     = 122912730                              {pd product} {ergonomic}
    uintx ReservedCodeCacheSize                    = 251658240                              {pd product} {ergonomic}
     bool SegmentedCodeCache                       = true                                      {product} {ergonomic}
   size_t SoftMaxHeapSize                          = 1610612736                             {manageable} {ergonomic}
     bool UseCompressedClassPointers               = true                           {product lp64_product} {ergonomic}
     bool UseCompressedOops                        = true                           {product lp64_product} {ergonomic}
     bool UseG1GC                                  = true                                      {product} {ergonomic}
     bool UseLargePagesIndividualAllocation        = false                                  {pd product} {ergonomic}

Logging:
Log output configuration:
 #0: stdout all=warning uptime,level,tags
 #1: stderr all=off uptime,level,tags

Environment Variables:
JAVA_HOME=C:\Program Files\Android\Android Studio\jbr
CLASSPATH=C:\Users\DELL PC\Documents\App UloNet\irent\android\\gradle\wrapper\gradle-wrapper.jar
PATH=C:\Windows\system32;C:\Windows;C:\Windows\System32\Wbem;C:\Windows\System32\WindowsPowerShell\v1.0\;C:\Windows\System32\OpenSSH\;C:\Program Files\Git\cmd;C:\Program Files\nodejs\;C:\Users\DELL PC\AppData\Local\Pub\Cache\bin;C:\Users\DELL PC\AppData\Local\Microsoft\WindowsApps;C:\Windows\System32;C:\Program Files\Git;C:\src\flutter\bin;C:\Users\DELL PC\AppData\Roaming\npm;C:\Program Files\nodejs;C:\Users\DELL PC\AppData\Local\Programs\Microsoft VS Code\bin;C:\Users\DELL PC\Downloads\pktriot-0.15.2.win64\pktriot-0.15.2;C:\Program Files\Git\cmd;C:\Users\DELL PC\AppData\Local\Pub\Cache\bin;;C:\src\flutter\bin\mingit\cmd
USERNAME=DELL PC
OS=Windows_NT
PROCESSOR_IDENTIFIER=Intel64 Family 6 Model 61 Stepping 4, GenuineIntel
TMP=C:\Users\DELLPC~1\AppData\Local\Temp
TEMP=C:\Users\DELLPC~1\AppData\Local\Temp


JNI global refs:
JNI global refs: 26, weak refs: 6

JNI global refs memory usage: 843, weak refs: 841


---------------  S Y S T E M  ---------------

OS:
 Windows 10 , 64 bit Build 19041 (10.0.19041.3636)
OS uptime: 8 days 18:34 hours

CPU: total 4 (initial active 4) (2 cores per cpu, 2 threads per core) family 6 model 61 stepping 4 microcode 0x2d, cx8, cmov, fxsr, ht, mmx, 3dnowpref, sse, sse2, sse3, ssse3, sse4.1, sse4.2, popcnt, lzcnt, tsc, tscinvbit, avx, avx2, aes, erms, clmul, bmi1, bmi2, rtm, adx, fma, vzeroupper, clflush

Memory: 4k page, system-wide physical 8067M (316M free)
TotalPageFile size 14539M (AvailPageFile size 29M)
current process WorkingSet (physical memory assigned to process): 442M, peak: 443M
current process commit charge ("private bytes"): 474M, peak: 562M

vm_info: OpenJDK 64-Bit Server VM (17.0.6+0-b2043.56-10027231) for windows-amd64 JRE (17.0.6+0-b2043.56-10027231), built on Apr 28 2023 00:43:19 by "androidbuild" with MS VC++ 16.10 / 16.11 (VS2019)

END.
